Using pre-set license
Built from '2020.3/staging' branch; Version is '2020.3.23f1 (c5d91304a876) revision 12966163'; Using compiler version '192528614'; Build Type 'Release'
OS: 'Windows 10 Pro for Workstations; OS build 19044.1889; Version 2009; 64bit' Language: 'en' Physical Memory: 32693 MB
BatchMode: 1, IsHumanControllingUs: 0, StartBugReporterOnCrash: 0, Is64bit: 1, IsPro: 0

COMMAND LINE ARGUMENTS:
H:\Unity\2020.3.23f1\Editor\Unity.exe
-adb2
-batchMode
-noUpm
-name
AssetImportWorker0
-projectPath
D:/Unity/steampunk-prototype/Steampunk Prototype
-logFile
Logs/AssetImportWorker0.log
-srvPort
61044
Successfully changed project path to: D:/Unity/steampunk-prototype/Steampunk Prototype
D:/Unity/steampunk-prototype/Steampunk Prototype
Using Asset Import Pipeline V2.
Refreshing native plugins compatible for Editor in 50.75 ms, found 2 plugins.
Preloading 0 native plugins for Editor in 0.00 ms.
Initialize engine version: 2020.3.23f1 (c5d91304a876)
[Subsystems] Discovering subsystems at path H:/Unity/2020.3.23f1/Editor/Data/Resources/UnitySubsystems
[Subsystems] Discovering subsystems at path D:/Unity/steampunk-prototype/Steampunk Prototype/Assets
GfxDevice: creating device client; threaded=0
Direct3D:
    Version:  Direct3D 11.0 [level 11.1]
    Renderer: NVIDIA GeForce RTX 3080 Ti (ID=0x2208)
    Vendor:   
    VRAM:     12108 MB
    Driver:   30.0.15.1277
Initialize mono
Mono path[0] = 'H:/Unity/2020.3.23f1/Editor/Data/Managed'
Mono path[1] = 'H:/Unity/2020.3.23f1/Editor/Data/MonoBleedingEdge/lib/mono/unityjit'
Mono config path = 'H:/Unity/2020.3.23f1/Editor/Data/MonoBleedingEdge/etc'
Using monoOptions --debugger-agent=transport=dt_socket,embedding=1,server=y,suspend=n,address=127.0.0.1:56508
Begin MonoManager ReloadAssembly
Registering precompiled unity dll's ...
Register platform support module: H:/Unity/2020.3.23f1/Editor/Data/PlaybackEngines/WindowsStandaloneSupport/UnityEditor.WindowsStandalone.Extensions.dll
Registered in 0.003863 seconds.
Native extension for WindowsStandalone target not found
Refreshing native plugins compatible for Editor in 47.40 ms, found 2 plugins.
Preloading 0 native plugins for Editor in 0.00 ms.
Mono: successfully reloaded assembly
- Completed reload, in  0.506 seconds
Domain Reload Profiling:
	ReloadAssembly (506ms)
		BeginReloadAssembly (61ms)
			ExecutionOrderSort (0ms)
			DisableScriptedObjects (0ms)
			BackupInstance (0ms)
			ReleaseScriptingObjects (0ms)
			CreateAndSetChildDomain (1ms)
		EndReloadAssembly (371ms)
			LoadAssemblies (58ms)
			RebuildTransferFunctionScriptingTraits (0ms)
			SetupTypeCache (111ms)
			ReleaseScriptCaches (0ms)
			RebuildScriptCaches (22ms)
			SetupLoadedEditorAssemblies (150ms)
				LogAssemblyErrors (0ms)
				InitializePlatformSupportModulesInManaged (4ms)
				SetLoadedEditorAssemblies (0ms)
				RefreshPlugins (47ms)
				BeforeProcessingInitializeOnLoad (14ms)
				ProcessInitializeOnLoadAttributes (64ms)
				ProcessInitializeOnLoadMethodAttributes (21ms)
				AfterProcessingInitializeOnLoad (0ms)
				EditorAssembliesLoaded (0ms)
			ExecutionOrderSort2 (0ms)
			AwakeInstancesAfterBackupRestoration (0ms)
Platform modules already initialized, skipping
Registering precompiled user dll's ...
Registered in 0.004541 seconds.
Begin MonoManager ReloadAssembly
Native extension for WindowsStandalone target not found
Refreshing native plugins compatible for Editor in 45.24 ms, found 2 plugins.
Preloading 0 native plugins for Editor in 0.00 ms.
Mono: successfully reloaded assembly
- Completed reload, in  0.931 seconds
Domain Reload Profiling:
	ReloadAssembly (932ms)
		BeginReloadAssembly (120ms)
			ExecutionOrderSort (0ms)
			DisableScriptedObjects (4ms)
			BackupInstance (0ms)
			ReleaseScriptingObjects (0ms)
			CreateAndSetChildDomain (18ms)
		EndReloadAssembly (752ms)
			LoadAssemblies (82ms)
			RebuildTransferFunctionScriptingTraits (0ms)
			SetupTypeCache (240ms)
			ReleaseScriptCaches (1ms)
			RebuildScriptCaches (53ms)
			SetupLoadedEditorAssemblies (292ms)
				LogAssemblyErrors (0ms)
				InitializePlatformSupportModulesInManaged (3ms)
				SetLoadedEditorAssemblies (0ms)
				RefreshPlugins (45ms)
				BeforeProcessingInitializeOnLoad (79ms)
				ProcessInitializeOnLoadAttributes (145ms)
				ProcessInitializeOnLoadMethodAttributes (9ms)
				AfterProcessingInitializeOnLoad (10ms)
				EditorAssembliesLoaded (0ms)
			ExecutionOrderSort2 (0ms)
			AwakeInstancesAfterBackupRestoration (5ms)
Platform modules already initialized, skipping
========================================================================
Worker process is ready to serve import requests
Launched and connected shader compiler UnityShaderCompiler.exe after 0.07 seconds
Refreshing native plugins compatible for Editor in 0.66 ms, found 2 plugins.
Preloading 0 native plugins for Editor in 0.00 ms.
Unloading 3335 Unused Serialized files (Serialized files now loaded: 0)
System memory in use before: 145.3 MB.
System memory in use after: 145.5 MB.

Unloading 20 unused Assets to reduce memory usage. Loaded Objects now: 3766.
Total: 3.640800 ms (FindLiveObjects: 0.339500 ms CreateObjectMapping: 0.135800 ms MarkObjects: 3.075500 ms  DeleteObjects: 0.089000 ms)

AssetImportParameters requested are different than current active one (requested -> active):
  custom:framework-win-MediaFoundation: 216162199b28c13a410421893ffa2e32 -> 
  custom:video-decoder-ogg-theora: a1e56fd34408186e4bbccfd4996cb3dc -> 
  custom:container-muxer-webm: aa71ff27fc2769a1b78a27578f13a17b -> 
  custom:container-demuxer-webm: 4f35f7cbe854078d1ac9338744f61a02 -> 
  custom:container-demuxer-ogg: 62fdf1f143b41e24485cea50d1cbac27 -> 
  custom:video-encoder-webm-vp8: eb34c28f22e8b96e1ab97ce403110664 -> 
  custom:video-decoder-webm-vp8: 9c59270c3fd7afecdb556c50c9e8de78 -> 
  custom:audio-decoder-ogg-vorbis: bf7c407c2cedff20999df2af8eb42d56 -> 
  custom:audio-encoder-webm-vorbis: bf7c407c2cedff20999df2af8eb42d56 -> 
========================================================================
Received Import Request.
  path: Assets/Shaders/fluffycloud.shadergraph
  artifactKey: Guid(b46b7a08cbad4c54aa0830eb50530db1) Importer(815301076,1909f56bfc062723c751e8b465ee728b)
Start importing Assets/Shaders/fluffycloud.shadergraph using Guid(b46b7a08cbad4c54aa0830eb50530db1) Importer(815301076,1909f56bfc062723c751e8b465ee728b)  -> (artifact id: '65930e3f338829cad023fc74e4226662') in 0.057873 seconds 
  Import took 0.063244 seconds .

========================================================================
Received Import Request.
  Time since last request: 154.112305 seconds.
  path: Assets/Shaders/fluffycloud.shadergraph
  artifactKey: Guid(b46b7a08cbad4c54aa0830eb50530db1) Importer(815301076,1909f56bfc062723c751e8b465ee728b)
Start importing Assets/Shaders/fluffycloud.shadergraph using Guid(b46b7a08cbad4c54aa0830eb50530db1) Importer(815301076,1909f56bfc062723c751e8b465ee728b)  -> (artifact id: '2268746fa127d365eabae6f98a6ca3c0') in 0.003799 seconds 
  Import took 0.008965 seconds .

========================================================================
Received Import Request.
  Time since last request: 263.059872 seconds.
  path: Assets/Shaders/fluffycloud.shadergraph
  artifactKey: Guid(b46b7a08cbad4c54aa0830eb50530db1) Importer(815301076,1909f56bfc062723c751e8b465ee728b)
Start importing Assets/Shaders/fluffycloud.shadergraph using Guid(b46b7a08cbad4c54aa0830eb50530db1) Importer(815301076,1909f56bfc062723c751e8b465ee728b)  -> (artifact id: '4fe5bc717d795f6d12f66e68fcd1b24e') in 0.003378 seconds 
  Import took 0.008072 seconds .

========================================================================
Received Import Request.
  Time since last request: 12.619704 seconds.
  path: Assets/Shaders/fluffycloud.shadergraph
  artifactKey: Guid(b46b7a08cbad4c54aa0830eb50530db1) Importer(815301076,1909f56bfc062723c751e8b465ee728b)
Start importing Assets/Shaders/fluffycloud.shadergraph using Guid(b46b7a08cbad4c54aa0830eb50530db1) Importer(815301076,1909f56bfc062723c751e8b465ee728b)  -> (artifact id: 'fce2576a3b2dac15395fd4e44384e186') in 0.003285 seconds 
  Import took 0.008026 seconds .

========================================================================
Received Import Request.
  Time since last request: 20.106538 seconds.
  path: Assets/Shaders/fluffycloud.shadergraph
  artifactKey: Guid(b46b7a08cbad4c54aa0830eb50530db1) Importer(815301076,1909f56bfc062723c751e8b465ee728b)
Start importing Assets/Shaders/fluffycloud.shadergraph using Guid(b46b7a08cbad4c54aa0830eb50530db1) Importer(815301076,1909f56bfc062723c751e8b465ee728b)  -> (artifact id: '5a9d24f51891deabe98b42fdb1ce4835') in 0.003429 seconds 
  Import took 0.007745 seconds .

========================================================================
Received Import Request.
  Time since last request: 340.249857 seconds.
  path: Assets/Prefabs/Smoke/Grey Smoke.prefab
  artifactKey: Guid(567c22974bd9efc488cd2d64ebc093b5) Importer(815301076,1909f56bfc062723c751e8b465ee728b)
Start importing Assets/Prefabs/Smoke/Grey Smoke.prefab using Guid(567c22974bd9efc488cd2d64ebc093b5) Importer(815301076,1909f56bfc062723c751e8b465ee728b)  -> (artifact id: 'e3781a05cb41c2dbee7d52374679ac00') in 0.179968 seconds 
  Import took 0.185799 seconds .

========================================================================
Received Import Request.
  Time since last request: 0.000202 seconds.
  path: Assets/Prefabs/Smoke/vfxgraph_smoke.vfx
  artifactKey: Guid(555a6735ecdd8e542a04ed45bb9cd64f) Importer(815301076,1909f56bfc062723c751e8b465ee728b)
Start importing Assets/Prefabs/Smoke/vfxgraph_smoke.vfx using Guid(555a6735ecdd8e542a04ed45bb9cd64f) Importer(815301076,1909f56bfc062723c751e8b465ee728b)  -> (artifact id: '2c285c54351679082ed7794091ca4023') in 0.006665 seconds 
  Import took 0.010781 seconds .

========================================================================
Received Import Request.
  Time since last request: 0.215604 seconds.
  path: Assets/Prefabs/Smoke/vfxgraph_smoke.vfx
  artifactKey: Guid(555a6735ecdd8e542a04ed45bb9cd64f) Importer(815301076,1909f56bfc062723c751e8b465ee728b)
Start importing Assets/Prefabs/Smoke/vfxgraph_smoke.vfx using Guid(555a6735ecdd8e542a04ed45bb9cd64f) Importer(815301076,1909f56bfc062723c751e8b465ee728b)  -> (artifact id: 'c44bd3a83505b276687cc6710dd296a5') in 0.004268 seconds 
  Import took 0.008859 seconds .

========================================================================
Received Import Request.
  Time since last request: 153.171396 seconds.
  path: Assets/Prefabs/Smoke/vfxgraph_smoke.vfx
  artifactKey: Guid(555a6735ecdd8e542a04ed45bb9cd64f) Importer(815301076,1909f56bfc062723c751e8b465ee728b)
Start importing Assets/Prefabs/Smoke/vfxgraph_smoke.vfx using Guid(555a6735ecdd8e542a04ed45bb9cd64f) Importer(815301076,1909f56bfc062723c751e8b465ee728b)  -> (artifact id: 'f390cf60c79ddf4a920c43555ec91879') in 0.004404 seconds 
  Import took 0.009729 seconds .

========================================================================
Received Import Request.
  Time since last request: 99.267169 seconds.
  path: Assets/Prefabs/Smoke/vfxgraph_smoke.vfx
  artifactKey: Guid(555a6735ecdd8e542a04ed45bb9cd64f) Importer(815301076,1909f56bfc062723c751e8b465ee728b)
Start importing Assets/Prefabs/Smoke/vfxgraph_smoke.vfx using Guid(555a6735ecdd8e542a04ed45bb9cd64f) Importer(815301076,1909f56bfc062723c751e8b465ee728b)  -> (artifact id: '28bb137216f7111c3465a193ce7c9261') in 0.005489 seconds 
  Import took 0.011488 seconds .

========================================================================
Received Import Request.
  Time since last request: 13.419948 seconds.
  path: Assets/Prefabs/Smoke/vfxgraph_smoke.vfx
  artifactKey: Guid(555a6735ecdd8e542a04ed45bb9cd64f) Importer(815301076,1909f56bfc062723c751e8b465ee728b)
Start importing Assets/Prefabs/Smoke/vfxgraph_smoke.vfx using Guid(555a6735ecdd8e542a04ed45bb9cd64f) Importer(815301076,1909f56bfc062723c751e8b465ee728b)  -> (artifact id: 'be3da89c4da3ec5cb50ac01c6eca4c36') in 0.004411 seconds 
  Import took 0.009362 seconds .

========================================================================
Received Import Request.
  Time since last request: 32.138158 seconds.
  path: Assets/Prefabs/Smoke/vfxgraph_smoke.vfx
  artifactKey: Guid(555a6735ecdd8e542a04ed45bb9cd64f) Importer(815301076,1909f56bfc062723c751e8b465ee728b)
Start importing Assets/Prefabs/Smoke/vfxgraph_smoke.vfx using Guid(555a6735ecdd8e542a04ed45bb9cd64f) Importer(815301076,1909f56bfc062723c751e8b465ee728b)  -> (artifact id: 'd5459e0c30315263725f68aed0a57f86') in 0.004882 seconds 
  Import took 0.009861 seconds .

========================================================================
Received Import Request.
  Time since last request: 846.236363 seconds.
  path: Assets/Prefabs/Smoke/vfxgraph_smoke.vfx
  artifactKey: Guid(555a6735ecdd8e542a04ed45bb9cd64f) Importer(815301076,1909f56bfc062723c751e8b465ee728b)
Start importing Assets/Prefabs/Smoke/vfxgraph_smoke.vfx using Guid(555a6735ecdd8e542a04ed45bb9cd64f) Importer(815301076,1909f56bfc062723c751e8b465ee728b)  -> (artifact id: 'f8d24db4341962b6dda898d660a81199') in 0.004803 seconds 
  Import took 0.010034 seconds .

========================================================================
Received Import Request.
  Time since last request: 14.894959 seconds.
  path: Assets/Prefabs/Smoke/vfxgraph_smoke.vfx
  artifactKey: Guid(555a6735ecdd8e542a04ed45bb9cd64f) Importer(815301076,1909f56bfc062723c751e8b465ee728b)
Start importing Assets/Prefabs/Smoke/vfxgraph_smoke.vfx using Guid(555a6735ecdd8e542a04ed45bb9cd64f) Importer(815301076,1909f56bfc062723c751e8b465ee728b)  -> (artifact id: 'b7f247836108183c14f475cc41b50bac') in 0.004549 seconds 
  Import took 0.009132 seconds .

========================================================================
Received Import Request.
  Time since last request: 6.096701 seconds.
  path: Assets/Prefabs/Smoke/vfxgraph_smoke.vfx
  artifactKey: Guid(555a6735ecdd8e542a04ed45bb9cd64f) Importer(815301076,1909f56bfc062723c751e8b465ee728b)
Start importing Assets/Prefabs/Smoke/vfxgraph_smoke.vfx using Guid(555a6735ecdd8e542a04ed45bb9cd64f) Importer(815301076,1909f56bfc062723c751e8b465ee728b)  -> (artifact id: '98ad9d39774d9ba61085823c6aa35d47') in 0.004307 seconds 
  Import took 0.008857 seconds .

========================================================================
Received Import Request.
  Time since last request: 5.928613 seconds.
  path: Assets/Prefabs/Smoke/vfxgraph_smoke.vfx
  artifactKey: Guid(555a6735ecdd8e542a04ed45bb9cd64f) Importer(815301076,1909f56bfc062723c751e8b465ee728b)
Start importing Assets/Prefabs/Smoke/vfxgraph_smoke.vfx using Guid(555a6735ecdd8e542a04ed45bb9cd64f) Importer(815301076,1909f56bfc062723c751e8b465ee728b)  -> (artifact id: 'a7e2647da8e9a05e18de924d460b8d52') in 0.004468 seconds 
  Import took 0.008845 seconds .

========================================================================
Received Import Request.
  Time since last request: 315.960646 seconds.
  path: Assets/Prefabs/Smoke/vfxgraph_smoke.vfx
  artifactKey: Guid(555a6735ecdd8e542a04ed45bb9cd64f) Importer(815301076,1909f56bfc062723c751e8b465ee728b)
Start importing Assets/Prefabs/Smoke/vfxgraph_smoke.vfx using Guid(555a6735ecdd8e542a04ed45bb9cd64f) Importer(815301076,1909f56bfc062723c751e8b465ee728b)  -> (artifact id: '9e4dd08a0d44257a830bef92ea17c9e4') in 0.004633 seconds 
  Import took 0.009936 seconds .

========================================================================
Received Import Request.
  Time since last request: 109.097442 seconds.
  path: Assets/Prefabs/Smoke/Grey Smoke.prefab
  artifactKey: Guid(567c22974bd9efc488cd2d64ebc093b5) Importer(815301076,1909f56bfc062723c751e8b465ee728b)
Start importing Assets/Prefabs/Smoke/Grey Smoke.prefab using Guid(567c22974bd9efc488cd2d64ebc093b5) Importer(815301076,1909f56bfc062723c751e8b465ee728b)  -> (artifact id: '5de8264c81410c82cf33044a049ade1e') in 0.013473 seconds 
  Import took 0.018457 seconds .

========================================================================
Received Import Request.
  Time since last request: 0.534044 seconds.
  path: Assets/Prefabs/Smoke/Grey Smoke.prefab
  artifactKey: Guid(567c22974bd9efc488cd2d64ebc093b5) Importer(815301076,1909f56bfc062723c751e8b465ee728b)
Start importing Assets/Prefabs/Smoke/Grey Smoke.prefab using Guid(567c22974bd9efc488cd2d64ebc093b5) Importer(815301076,1909f56bfc062723c751e8b465ee728b)  -> (artifact id: '826bab48ae9fa29a3c32874e0940edd9') in 0.013432 seconds 
  Import took 0.018411 seconds .

========================================================================
Received Import Request.
  Time since last request: 4.414851 seconds.
  path: Assets/Prefabs/Smoke/Grey Smoke.prefab
  artifactKey: Guid(567c22974bd9efc488cd2d64ebc093b5) Importer(815301076,1909f56bfc062723c751e8b465ee728b)
Start importing Assets/Prefabs/Smoke/Grey Smoke.prefab using Guid(567c22974bd9efc488cd2d64ebc093b5) Importer(815301076,1909f56bfc062723c751e8b465ee728b)  -> (artifact id: 'aa3d5a636ba797c1208c96a1f8e50c58') in 0.013753 seconds 
  Import took 0.019158 seconds .

========================================================================
Received Import Request.
  Time since last request: 13.817605 seconds.
  path: Assets/Prefabs/Smoke/vfxgraph_smoke.vfx
  artifactKey: Guid(555a6735ecdd8e542a04ed45bb9cd64f) Importer(815301076,1909f56bfc062723c751e8b465ee728b)
Start importing Assets/Prefabs/Smoke/vfxgraph_smoke.vfx using Guid(555a6735ecdd8e542a04ed45bb9cd64f) Importer(815301076,1909f56bfc062723c751e8b465ee728b)  -> (artifact id: '971a4e2c49995956a4e409b4e24cf50f') in 0.004601 seconds 
  Import took 0.009463 seconds .

========================================================================
Received Import Request.
  Time since last request: 10.403941 seconds.
  path: Assets/Prefabs/Smoke/vfxgraph_smoke.vfx
  artifactKey: Guid(555a6735ecdd8e542a04ed45bb9cd64f) Importer(815301076,1909f56bfc062723c751e8b465ee728b)
Start importing Assets/Prefabs/Smoke/vfxgraph_smoke.vfx using Guid(555a6735ecdd8e542a04ed45bb9cd64f) Importer(815301076,1909f56bfc062723c751e8b465ee728b)  -> (artifact id: 'be15edb15dc361b93532bf5677fab969') in 0.004812 seconds 
  Import took 0.009915 seconds .

========================================================================
Received Import Request.
  Time since last request: 4.748975 seconds.
  path: Assets/Prefabs/Smoke/vfxgraph_smoke.vfx
  artifactKey: Guid(555a6735ecdd8e542a04ed45bb9cd64f) Importer(815301076,1909f56bfc062723c751e8b465ee728b)
Start importing Assets/Prefabs/Smoke/vfxgraph_smoke.vfx using Guid(555a6735ecdd8e542a04ed45bb9cd64f) Importer(815301076,1909f56bfc062723c751e8b465ee728b)  -> (artifact id: 'b37963bd714f238b8282f5fd5d4e2369') in 0.004271 seconds 
  Import took 0.008625 seconds .

========================================================================
Received Import Request.
  Time since last request: 355.324578 seconds.
  path: Assets/Prefabs/Smoke/vfxgraph_smoke.vfx
  artifactKey: Guid(555a6735ecdd8e542a04ed45bb9cd64f) Importer(815301076,1909f56bfc062723c751e8b465ee728b)
Start importing Assets/Prefabs/Smoke/vfxgraph_smoke.vfx using Guid(555a6735ecdd8e542a04ed45bb9cd64f) Importer(815301076,1909f56bfc062723c751e8b465ee728b)  -> (artifact id: 'c1ed85cc74b6bf793e15b21b50c0071a') in 0.004899 seconds 
  Import took 0.010619 seconds .

========================================================================
Received Import Request.
  Time since last request: 5.465925 seconds.
  path: Assets/Prefabs/Smoke/vfxgraph_smoke.vfx
  artifactKey: Guid(555a6735ecdd8e542a04ed45bb9cd64f) Importer(815301076,1909f56bfc062723c751e8b465ee728b)
Start importing Assets/Prefabs/Smoke/vfxgraph_smoke.vfx using Guid(555a6735ecdd8e542a04ed45bb9cd64f) Importer(815301076,1909f56bfc062723c751e8b465ee728b)  -> (artifact id: '3dba6ba4ea4b28a9a79c8865736ae383') in 0.004861 seconds 
  Import took 0.009725 seconds .

========================================================================
Received Import Request.
  Time since last request: 7.159392 seconds.
  path: Assets/Prefabs/Smoke/vfxgraph_smoke.vfx
  artifactKey: Guid(555a6735ecdd8e542a04ed45bb9cd64f) Importer(815301076,1909f56bfc062723c751e8b465ee728b)
Start importing Assets/Prefabs/Smoke/vfxgraph_smoke.vfx using Guid(555a6735ecdd8e542a04ed45bb9cd64f) Importer(815301076,1909f56bfc062723c751e8b465ee728b)  -> (artifact id: '610428f5423e73077b06ac81ff786c4d') in 0.004615 seconds 
  Import took 0.009764 seconds .

========================================================================
Received Import Request.
  Time since last request: 34.966382 seconds.
  path: Assets/Prefabs/Smoke/vfxgraph_smoke.vfx
  artifactKey: Guid(555a6735ecdd8e542a04ed45bb9cd64f) Importer(815301076,1909f56bfc062723c751e8b465ee728b)
Start importing Assets/Prefabs/Smoke/vfxgraph_smoke.vfx using Guid(555a6735ecdd8e542a04ed45bb9cd64f) Importer(815301076,1909f56bfc062723c751e8b465ee728b)  -> (artifact id: 'be44a9ff256bafd8df945263bb7c3b08') in 0.004755 seconds 
  Import took 0.009012 seconds .

========================================================================
Received Import Request.
  Time since last request: 5.346233 seconds.
  path: Assets/Prefabs/Smoke/vfxgraph_smoke.vfx
  artifactKey: Guid(555a6735ecdd8e542a04ed45bb9cd64f) Importer(815301076,1909f56bfc062723c751e8b465ee728b)
Start importing Assets/Prefabs/Smoke/vfxgraph_smoke.vfx using Guid(555a6735ecdd8e542a04ed45bb9cd64f) Importer(815301076,1909f56bfc062723c751e8b465ee728b)  -> (artifact id: '8999b8ab825eee0308fd8de5638b5a19') in 0.004404 seconds 
  Import took 0.008890 seconds .

========================================================================
Received Import Request.
  Time since last request: 15.154671 seconds.
  path: Assets/Prefabs/Smoke/vfxgraph_smoke.vfx
  artifactKey: Guid(555a6735ecdd8e542a04ed45bb9cd64f) Importer(815301076,1909f56bfc062723c751e8b465ee728b)
Start importing Assets/Prefabs/Smoke/vfxgraph_smoke.vfx using Guid(555a6735ecdd8e542a04ed45bb9cd64f) Importer(815301076,1909f56bfc062723c751e8b465ee728b)  -> (artifact id: 'd3ed46b5caed5ea1064e6d2244da4570') in 0.004777 seconds 
  Import took 0.009615 seconds .

========================================================================
Received Prepare
Registering precompiled user dll's ...
Registered in 0.004473 seconds.
Begin MonoManager ReloadAssembly
Native extension for WindowsStandalone target not found
Refreshing native plugins compatible for Editor in 0.72 ms, found 2 plugins.
Preloading 0 native plugins for Editor in 0.00 ms.
Mono: successfully reloaded assembly
- Completed reload, in  0.853 seconds
Domain Reload Profiling:
	ReloadAssembly (853ms)
		BeginReloadAssembly (125ms)
			ExecutionOrderSort (0ms)
			DisableScriptedObjects (5ms)
			BackupInstance (0ms)
			ReleaseScriptingObjects (0ms)
			CreateAndSetChildDomain (35ms)
		EndReloadAssembly (678ms)
			LoadAssemblies (75ms)
			RebuildTransferFunctionScriptingTraits (0ms)
			SetupTypeCache (226ms)
			ReleaseScriptCaches (1ms)
			RebuildScriptCaches (43ms)
			SetupLoadedEditorAssemblies (244ms)
				LogAssemblyErrors (0ms)
				InitializePlatformSupportModulesInManaged (3ms)
				SetLoadedEditorAssemblies (0ms)
				RefreshPlugins (1ms)
				BeforeProcessingInitializeOnLoad (76ms)
				ProcessInitializeOnLoadAttributes (144ms)
				ProcessInitializeOnLoadMethodAttributes (8ms)
				AfterProcessingInitializeOnLoad (10ms)
				EditorAssembliesLoaded (0ms)
			ExecutionOrderSort2 (0ms)
			AwakeInstancesAfterBackupRestoration (12ms)
Platform modules already initialized, skipping
Refreshing native plugins compatible for Editor in 0.65 ms, found 2 plugins.
Preloading 0 native plugins for Editor in 0.00 ms.
Unloading 3216 Unused Serialized files (Serialized files now loaded: 0)
System memory in use before: 142.3 MB.
System memory in use after: 142.6 MB.

Unloading 15 unused Assets to reduce memory usage. Loaded Objects now: 3813.
Total: 3.467700 ms (FindLiveObjects: 0.335400 ms CreateObjectMapping: 0.132600 ms MarkObjects: 2.976000 ms  DeleteObjects: 0.022500 ms)

AssetImportParameters requested are different than current active one (requested -> active):
  custom:framework-win-MediaFoundation: 216162199b28c13a410421893ffa2e32 -> 
  custom:video-decoder-ogg-theora: a1e56fd34408186e4bbccfd4996cb3dc -> 
  custom:container-muxer-webm: aa71ff27fc2769a1b78a27578f13a17b -> 
  custom:container-demuxer-webm: 4f35f7cbe854078d1ac9338744f61a02 -> 
  custom:container-demuxer-ogg: 62fdf1f143b41e24485cea50d1cbac27 -> 
  custom:video-encoder-webm-vp8: eb34c28f22e8b96e1ab97ce403110664 -> 
  custom:video-decoder-webm-vp8: 9c59270c3fd7afecdb556c50c9e8de78 -> 
  custom:audio-decoder-ogg-vorbis: bf7c407c2cedff20999df2af8eb42d56 -> 
  custom:audio-encoder-webm-vorbis: bf7c407c2cedff20999df2af8eb42d56 -> 
========================================================================
Received Import Request.
  Time since last request: 502.474105 seconds.
  path: Assets/Prefabs/Smoke/vfxgraph_smoke.vfx
  artifactKey: Guid(555a6735ecdd8e542a04ed45bb9cd64f) Importer(815301076,1909f56bfc062723c751e8b465ee728b)
Start importing Assets/Prefabs/Smoke/vfxgraph_smoke.vfx using Guid(555a6735ecdd8e542a04ed45bb9cd64f) Importer(815301076,1909f56bfc062723c751e8b465ee728b)  -> (artifact id: '0c45e07468171479ac5bf3da2af269d4') in 0.021607 seconds 
  Import took 0.026574 seconds .

========================================================================
Received Import Request.
  Time since last request: 0.230252 seconds.
  path: Assets/Prefabs/Smoke/vfxgraph_smoke.vfx
  artifactKey: Guid(555a6735ecdd8e542a04ed45bb9cd64f) Importer(815301076,1909f56bfc062723c751e8b465ee728b)
Start importing Assets/Prefabs/Smoke/vfxgraph_smoke.vfx using Guid(555a6735ecdd8e542a04ed45bb9cd64f) Importer(815301076,1909f56bfc062723c751e8b465ee728b)  -> (artifact id: 'e7a5ab8a4a9f0ee8d13c6cb83695bd26') in 0.004615 seconds 
  Import took 0.009670 seconds .

========================================================================
Received Import Request.
  Time since last request: 72.778912 seconds.
  path: Assets/Materials/Red.mat
  artifactKey: Guid(aef7496788f54d64fba112026a50f998) Importer(815301076,1909f56bfc062723c751e8b465ee728b)
Start importing Assets/Materials/Red.mat using Guid(aef7496788f54d64fba112026a50f998) Importer(815301076,1909f56bfc062723c751e8b465ee728b)  -> (artifact id: '298ffd182354ad4fe1d0bc1fd6584ef6') in 0.117814 seconds 
  Import took 0.122956 seconds .

========================================================================
Received Import Request.
  Time since last request: 391.428737 seconds.
  path: Assets/Prefabs/Smoke/vfxgraph_smoke.vfx
  artifactKey: Guid(555a6735ecdd8e542a04ed45bb9cd64f) Importer(815301076,1909f56bfc062723c751e8b465ee728b)
Start importing Assets/Prefabs/Smoke/vfxgraph_smoke.vfx using Guid(555a6735ecdd8e542a04ed45bb9cd64f) Importer(815301076,1909f56bfc062723c751e8b465ee728b)  -> (artifact id: 'fd318420b08d37a114d037d7d80cff57') in 0.004908 seconds 
  Import took 0.010087 seconds .

========================================================================
Received Import Request.
  Time since last request: 8.380125 seconds.
  path: Assets/Prefabs/Smoke/vfxgraph_smoke.vfx
  artifactKey: Guid(555a6735ecdd8e542a04ed45bb9cd64f) Importer(815301076,1909f56bfc062723c751e8b465ee728b)
Start importing Assets/Prefabs/Smoke/vfxgraph_smoke.vfx using Guid(555a6735ecdd8e542a04ed45bb9cd64f) Importer(815301076,1909f56bfc062723c751e8b465ee728b)  -> (artifact id: '2aba102f0cfd3df94cb00070a8251145') in 0.004294 seconds 
  Import took 0.008825 seconds .

========================================================================
Received Import Request.
  Time since last request: 10.029818 seconds.
  path: Assets/Prefabs/Smoke/vfxgraph_smoke.vfx
  artifactKey: Guid(555a6735ecdd8e542a04ed45bb9cd64f) Importer(815301076,1909f56bfc062723c751e8b465ee728b)
Start importing Assets/Prefabs/Smoke/vfxgraph_smoke.vfx using Guid(555a6735ecdd8e542a04ed45bb9cd64f) Importer(815301076,1909f56bfc062723c751e8b465ee728b)  -> (artifact id: '5441f117675fc66a665cbe396e8f55c2') in 0.004235 seconds 
  Import took 0.009312 seconds .

========================================================================
Received Import Request.
  Time since last request: 1.280412 seconds.
  path: Assets/Prefabs/Smoke/vfxgraph_smoke.vfx
  artifactKey: Guid(555a6735ecdd8e542a04ed45bb9cd64f) Importer(815301076,1909f56bfc062723c751e8b465ee728b)
Start importing Assets/Prefabs/Smoke/vfxgraph_smoke.vfx using Guid(555a6735ecdd8e542a04ed45bb9cd64f) Importer(815301076,1909f56bfc062723c751e8b465ee728b)  -> (artifact id: '762b82040d40c476b5a952ff1e539af3') in 0.004510 seconds 
  Import took 0.009911 seconds .

========================================================================
Received Prepare
Registering precompiled user dll's ...
Registered in 0.004172 seconds.
Begin MonoManager ReloadAssembly
Native extension for WindowsStandalone target not found
Refreshing native plugins compatible for Editor in 0.60 ms, found 2 plugins.
Preloading 0 native plugins for Editor in 0.00 ms.
Mono: successfully reloaded assembly
- Completed reload, in  0.839 seconds
Domain Reload Profiling:
	ReloadAssembly (839ms)
		BeginReloadAssembly (115ms)
			ExecutionOrderSort (0ms)
			DisableScriptedObjects (5ms)
			BackupInstance (0ms)
			ReleaseScriptingObjects (0ms)
			CreateAndSetChildDomain (36ms)
		EndReloadAssembly (669ms)
			LoadAssemblies (76ms)
			RebuildTransferFunctionScriptingTraits (0ms)
			SetupTypeCache (218ms)
			ReleaseScriptCaches (1ms)
			RebuildScriptCaches (45ms)
			SetupLoadedEditorAssemblies (244ms)
				LogAssemblyErrors (0ms)
				InitializePlatformSupportModulesInManaged (3ms)
				SetLoadedEditorAssemblies (0ms)
				RefreshPlugins (1ms)
				BeforeProcessingInitializeOnLoad (79ms)
				ProcessInitializeOnLoadAttributes (142ms)
				ProcessInitializeOnLoadMethodAttributes (9ms)
				AfterProcessingInitializeOnLoad (10ms)
				EditorAssembliesLoaded (0ms)
			ExecutionOrderSort2 (0ms)
			AwakeInstancesAfterBackupRestoration (11ms)
Platform modules already initialized, skipping
Refreshing native plugins compatible for Editor in 0.62 ms, found 2 plugins.
Preloading 0 native plugins for Editor in 0.00 ms.
Unloading 3216 Unused Serialized files (Serialized files now loaded: 0)
System memory in use before: 142.8 MB.
System memory in use after: 143.0 MB.

Unloading 15 unused Assets to reduce memory usage. Loaded Objects now: 3884.
Total: 3.438900 ms (FindLiveObjects: 0.351700 ms CreateObjectMapping: 0.151900 ms MarkObjects: 2.913000 ms  DeleteObjects: 0.021300 ms)

AssetImportParameters requested are different than current active one (requested -> active):
  custom:framework-win-MediaFoundation: 216162199b28c13a410421893ffa2e32 -> 
  custom:video-decoder-ogg-theora: a1e56fd34408186e4bbccfd4996cb3dc -> 
  custom:container-muxer-webm: aa71ff27fc2769a1b78a27578f13a17b -> 
  custom:container-demuxer-webm: 4f35f7cbe854078d1ac9338744f61a02 -> 
  custom:container-demuxer-ogg: 62fdf1f143b41e24485cea50d1cbac27 -> 
  custom:video-encoder-webm-vp8: eb34c28f22e8b96e1ab97ce403110664 -> 
  custom:video-decoder-webm-vp8: 9c59270c3fd7afecdb556c50c9e8de78 -> 
  custom:audio-decoder-ogg-vorbis: bf7c407c2cedff20999df2af8eb42d56 -> 
  custom:audio-encoder-webm-vorbis: bf7c407c2cedff20999df2af8eb42d56 -> 
========================================================================
Received Import Request.
  Time since last request: 171.149292 seconds.
  path: Assets/Prefabs/Smoke/vfxgraph_smoke.vfx
  artifactKey: Guid(555a6735ecdd8e542a04ed45bb9cd64f) Importer(815301076,1909f56bfc062723c751e8b465ee728b)
Start importing Assets/Prefabs/Smoke/vfxgraph_smoke.vfx using Guid(555a6735ecdd8e542a04ed45bb9cd64f) Importer(815301076,1909f56bfc062723c751e8b465ee728b)  -> (artifact id: '3e93e27772ff46e87d696672bec37adc') in 0.027740 seconds 
  Import took 0.033361 seconds .

========================================================================
Received Import Request.
  Time since last request: 3.601156 seconds.
  path: Assets/Prefabs/Smoke/vfxgraph_smoke.vfx
  artifactKey: Guid(555a6735ecdd8e542a04ed45bb9cd64f) Importer(815301076,1909f56bfc062723c751e8b465ee728b)
Start importing Assets/Prefabs/Smoke/vfxgraph_smoke.vfx using Guid(555a6735ecdd8e542a04ed45bb9cd64f) Importer(815301076,1909f56bfc062723c751e8b465ee728b)  -> (artifact id: 'b0f3b2a189dc3ae6ba6b562080950e56') in 0.005079 seconds 
  Import took 0.010955 seconds .

========================================================================
Received Import Request.
  Time since last request: 1.639037 seconds.
  path: Assets/Prefabs/Smoke/vfxgraph_smoke.vfx
  artifactKey: Guid(555a6735ecdd8e542a04ed45bb9cd64f) Importer(815301076,1909f56bfc062723c751e8b465ee728b)
Start importing Assets/Prefabs/Smoke/vfxgraph_smoke.vfx using Guid(555a6735ecdd8e542a04ed45bb9cd64f) Importer(815301076,1909f56bfc062723c751e8b465ee728b)  -> (artifact id: '41d7defef1d8626e4e7a4d6c226e4e8a') in 0.004743 seconds 
  Import took 0.009916 seconds .

========================================================================
Received Import Request.
  Time since last request: 2.117932 seconds.
  path: Assets/Prefabs/Smoke/vfxgraph_smoke.vfx
  artifactKey: Guid(555a6735ecdd8e542a04ed45bb9cd64f) Importer(815301076,1909f56bfc062723c751e8b465ee728b)
Start importing Assets/Prefabs/Smoke/vfxgraph_smoke.vfx using Guid(555a6735ecdd8e542a04ed45bb9cd64f) Importer(815301076,1909f56bfc062723c751e8b465ee728b)  -> (artifact id: '176385a84bbf5a7e4ba71ff8824cff66') in 0.004664 seconds 
  Import took 0.009912 seconds .

========================================================================
Received Import Request.
  Time since last request: 10.532608 seconds.
  path: Assets/Prefabs/Smoke/vfxgraph_smoke.vfx
  artifactKey: Guid(555a6735ecdd8e542a04ed45bb9cd64f) Importer(815301076,1909f56bfc062723c751e8b465ee728b)
Start importing Assets/Prefabs/Smoke/vfxgraph_smoke.vfx using Guid(555a6735ecdd8e542a04ed45bb9cd64f) Importer(815301076,1909f56bfc062723c751e8b465ee728b)  -> (artifact id: 'fba585b777636addbfb93bd97e304a55') in 0.004460 seconds 
  Import took 0.009518 seconds .

========================================================================
Received Prepare
Registering precompiled user dll's ...
Registered in 0.004107 seconds.
Begin MonoManager ReloadAssembly
Native extension for WindowsStandalone target not found
Refreshing native plugins compatible for Editor in 0.61 ms, found 2 plugins.
Preloading 0 native plugins for Editor in 0.00 ms.
Mono: successfully reloaded assembly
- Completed reload, in  0.847 seconds
Domain Reload Profiling:
	ReloadAssembly (848ms)
		BeginReloadAssembly (108ms)
			ExecutionOrderSort (0ms)
			DisableScriptedObjects (3ms)
			BackupInstance (0ms)
			ReleaseScriptingObjects (0ms)
			CreateAndSetChildDomain (32ms)
		EndReloadAssembly (688ms)
			LoadAssemblies (76ms)
			RebuildTransferFunctionScriptingTraits (0ms)
			SetupTypeCache (225ms)
			ReleaseScriptCaches (1ms)
			RebuildScriptCaches (46ms)
			SetupLoadedEditorAssemblies (252ms)
				LogAssemblyErrors (0ms)
				InitializePlatformSupportModulesInManaged (3ms)
				SetLoadedEditorAssemblies (0ms)
				RefreshPlugins (1ms)
				BeforeProcessingInitializeOnLoad (79ms)
				ProcessInitializeOnLoadAttributes (150ms)
				ProcessInitializeOnLoadMethodAttributes (8ms)
				AfterProcessingInitializeOnLoad (10ms)
				EditorAssembliesLoaded (0ms)
			ExecutionOrderSort2 (0ms)
			AwakeInstancesAfterBackupRestoration (12ms)
Platform modules already initialized, skipping
Refreshing native plugins compatible for Editor in 0.63 ms, found 2 plugins.
Preloading 0 native plugins for Editor in 0.00 ms.
Unloading 3216 Unused Serialized files (Serialized files now loaded: 0)
System memory in use before: 142.8 MB.
System memory in use after: 143.1 MB.

Unloading 15 unused Assets to reduce memory usage. Loaded Objects now: 3886.
Total: 3.516500 ms (FindLiveObjects: 0.414900 ms CreateObjectMapping: 0.241100 ms MarkObjects: 2.837600 ms  DeleteObjects: 0.021600 ms)

AssetImportParameters requested are different than current active one (requested -> active):
  custom:framework-win-MediaFoundation: 216162199b28c13a410421893ffa2e32 -> 
  custom:video-decoder-ogg-theora: a1e56fd34408186e4bbccfd4996cb3dc -> 
  custom:container-muxer-webm: aa71ff27fc2769a1b78a27578f13a17b -> 
  custom:container-demuxer-webm: 4f35f7cbe854078d1ac9338744f61a02 -> 
  custom:container-demuxer-ogg: 62fdf1f143b41e24485cea50d1cbac27 -> 
  custom:video-encoder-webm-vp8: eb34c28f22e8b96e1ab97ce403110664 -> 
  custom:video-decoder-webm-vp8: 9c59270c3fd7afecdb556c50c9e8de78 -> 
  custom:audio-decoder-ogg-vorbis: bf7c407c2cedff20999df2af8eb42d56 -> 
  custom:audio-encoder-webm-vorbis: bf7c407c2cedff20999df2af8eb42d56 -> 
========================================================================
Received Prepare
Registering precompiled user dll's ...
Registered in 0.004269 seconds.
Begin MonoManager ReloadAssembly
Native extension for WindowsStandalone target not found
Refreshing native plugins compatible for Editor in 0.60 ms, found 2 plugins.
Preloading 0 native plugins for Editor in 0.00 ms.
Mono: successfully reloaded assembly
- Completed reload, in  0.849 seconds
Domain Reload Profiling:
	ReloadAssembly (849ms)
		BeginReloadAssembly (110ms)
			ExecutionOrderSort (0ms)
			DisableScriptedObjects (4ms)
			BackupInstance (0ms)
			ReleaseScriptingObjects (0ms)
			CreateAndSetChildDomain (31ms)
		EndReloadAssembly (682ms)
			LoadAssemblies (76ms)
			RebuildTransferFunctionScriptingTraits (0ms)
			SetupTypeCache (224ms)
			ReleaseScriptCaches (1ms)
			RebuildScriptCaches (47ms)
			SetupLoadedEditorAssemblies (247ms)
				LogAssemblyErrors (0ms)
				InitializePlatformSupportModulesInManaged (3ms)
				SetLoadedEditorAssemblies (1ms)
				RefreshPlugins (1ms)
				BeforeProcessingInitializeOnLoad (76ms)
				ProcessInitializeOnLoadAttributes (147ms)
				ProcessInitializeOnLoadMethodAttributes (9ms)
				AfterProcessingInitializeOnLoad (10ms)
				EditorAssembliesLoaded (0ms)
			ExecutionOrderSort2 (0ms)
			AwakeInstancesAfterBackupRestoration (11ms)
Platform modules already initialized, skipping
Refreshing native plugins compatible for Editor in 0.64 ms, found 2 plugins.
Preloading 0 native plugins for Editor in 0.00 ms.
Unloading 3216 Unused Serialized files (Serialized files now loaded: 0)
System memory in use before: 142.8 MB.
System memory in use after: 143.1 MB.

Unloading 15 unused Assets to reduce memory usage. Loaded Objects now: 3888.
Total: 3.032800 ms (FindLiveObjects: 0.335400 ms CreateObjectMapping: 0.092300 ms MarkObjects: 2.586300 ms  DeleteObjects: 0.017800 ms)

AssetImportParameters requested are different than current active one (requested -> active):
  custom:framework-win-MediaFoundation: 216162199b28c13a410421893ffa2e32 -> 
  custom:video-decoder-ogg-theora: a1e56fd34408186e4bbccfd4996cb3dc -> 
  custom:container-muxer-webm: aa71ff27fc2769a1b78a27578f13a17b -> 
  custom:container-demuxer-webm: 4f35f7cbe854078d1ac9338744f61a02 -> 
  custom:container-demuxer-ogg: 62fdf1f143b41e24485cea50d1cbac27 -> 
  custom:video-encoder-webm-vp8: eb34c28f22e8b96e1ab97ce403110664 -> 
  custom:video-decoder-webm-vp8: 9c59270c3fd7afecdb556c50c9e8de78 -> 
  custom:audio-decoder-ogg-vorbis: bf7c407c2cedff20999df2af8eb42d56 -> 
  custom:audio-encoder-webm-vorbis: bf7c407c2cedff20999df2af8eb42d56 -> 
========================================================================
Received Prepare
Registering precompiled user dll's ...
Registered in 0.004847 seconds.
Begin MonoManager ReloadAssembly
Native extension for WindowsStandalone target not found
Refreshing native plugins compatible for Editor in 0.62 ms, found 2 plugins.
Preloading 0 native plugins for Editor in 0.00 ms.
Mono: successfully reloaded assembly
- Completed reload, in  0.819 seconds
Domain Reload Profiling:
	ReloadAssembly (820ms)
		BeginReloadAssembly (111ms)
			ExecutionOrderSort (0ms)
			DisableScriptedObjects (3ms)
			BackupInstance (0ms)
			ReleaseScriptingObjects (0ms)
			CreateAndSetChildDomain (30ms)
		EndReloadAssembly (658ms)
			LoadAssemblies (76ms)
			RebuildTransferFunctionScriptingTraits (0ms)
			SetupTypeCache (215ms)
			ReleaseScriptCaches (1ms)
			RebuildScriptCaches (45ms)
			SetupLoadedEditorAssemblies (237ms)
				LogAssemblyErrors (0ms)
				InitializePlatformSupportModulesInManaged (3ms)
				SetLoadedEditorAssemblies (0ms)
				RefreshPlugins (1ms)
				BeforeProcessingInitializeOnLoad (75ms)
				ProcessInitializeOnLoadAttributes (140ms)
				ProcessInitializeOnLoadMethodAttributes (8ms)
				AfterProcessingInitializeOnLoad (10ms)
				EditorAssembliesLoaded (0ms)
			ExecutionOrderSort2 (0ms)
			AwakeInstancesAfterBackupRestoration (11ms)
Platform modules already initialized, skipping
Refreshing native plugins compatible for Editor in 0.66 ms, found 2 plugins.
Preloading 0 native plugins for Editor in 0.00 ms.
Unloading 3216 Unused Serialized files (Serialized files now loaded: 0)
System memory in use before: 142.8 MB.
System memory in use after: 143.1 MB.

Unloading 15 unused Assets to reduce memory usage. Loaded Objects now: 3890.
Total: 2.868800 ms (FindLiveObjects: 0.320800 ms CreateObjectMapping: 0.088700 ms MarkObjects: 2.440900 ms  DeleteObjects: 0.017300 ms)

AssetImportParameters requested are different than current active one (requested -> active):
  custom:framework-win-MediaFoundation: 216162199b28c13a410421893ffa2e32 -> 
  custom:video-decoder-ogg-theora: a1e56fd34408186e4bbccfd4996cb3dc -> 
  custom:container-muxer-webm: aa71ff27fc2769a1b78a27578f13a17b -> 
  custom:container-demuxer-webm: 4f35f7cbe854078d1ac9338744f61a02 -> 
  custom:container-demuxer-ogg: 62fdf1f143b41e24485cea50d1cbac27 -> 
  custom:video-encoder-webm-vp8: eb34c28f22e8b96e1ab97ce403110664 -> 
  custom:video-decoder-webm-vp8: 9c59270c3fd7afecdb556c50c9e8de78 -> 
  custom:audio-decoder-ogg-vorbis: bf7c407c2cedff20999df2af8eb42d56 -> 
  custom:audio-encoder-webm-vorbis: bf7c407c2cedff20999df2af8eb42d56 -> 
========================================================================
Received Prepare
Registering precompiled user dll's ...
Registered in 0.004183 seconds.
Begin MonoManager ReloadAssembly
Native extension for WindowsStandalone target not found
Refreshing native plugins compatible for Editor in 0.67 ms, found 2 plugins.
Preloading 0 native plugins for Editor in 0.00 ms.
Mono: successfully reloaded assembly
- Completed reload, in  0.873 seconds
Domain Reload Profiling:
	ReloadAssembly (873ms)
		BeginReloadAssembly (114ms)
			ExecutionOrderSort (0ms)
			DisableScriptedObjects (4ms)
			BackupInstance (0ms)
			ReleaseScriptingObjects (0ms)
			CreateAndSetChildDomain (32ms)
		EndReloadAssembly (708ms)
			LoadAssemblies (74ms)
			RebuildTransferFunctionScriptingTraits (0ms)
			SetupTypeCache (238ms)
			ReleaseScriptCaches (2ms)
			RebuildScriptCaches (47ms)
			SetupLoadedEditorAssemblies (256ms)
				LogAssemblyErrors (0ms)
				InitializePlatformSupportModulesInManaged (3ms)
				SetLoadedEditorAssemblies (0ms)
				RefreshPlugins (1ms)
				BeforeProcessingInitializeOnLoad (81ms)
				ProcessInitializeOnLoadAttributes (152ms)
				ProcessInitializeOnLoadMethodAttributes (8ms)
				AfterProcessingInitializeOnLoad (10ms)
				EditorAssembliesLoaded (0ms)
			ExecutionOrderSort2 (0ms)
			AwakeInstancesAfterBackupRestoration (11ms)
Platform modules already initialized, skipping
Refreshing native plugins compatible for Editor in 0.62 ms, found 2 plugins.
Preloading 0 native plugins for Editor in 0.00 ms.
Unloading 3216 Unused Serialized files (Serialized files now loaded: 0)
System memory in use before: 142.9 MB.
System memory in use after: 143.1 MB.

Unloading 15 unused Assets to reduce memory usage. Loaded Objects now: 3892.
Total: 3.594400 ms (FindLiveObjects: 0.346300 ms CreateObjectMapping: 0.140300 ms MarkObjects: 3.080900 ms  DeleteObjects: 0.025500 ms)

AssetImportParameters requested are different than current active one (requested -> active):
  custom:framework-win-MediaFoundation: 216162199b28c13a410421893ffa2e32 -> 
  custom:video-decoder-ogg-theora: a1e56fd34408186e4bbccfd4996cb3dc -> 
  custom:container-muxer-webm: aa71ff27fc2769a1b78a27578f13a17b -> 
  custom:container-demuxer-webm: 4f35f7cbe854078d1ac9338744f61a02 -> 
  custom:container-demuxer-ogg: 62fdf1f143b41e24485cea50d1cbac27 -> 
  custom:video-encoder-webm-vp8: eb34c28f22e8b96e1ab97ce403110664 -> 
  custom:video-decoder-webm-vp8: 9c59270c3fd7afecdb556c50c9e8de78 -> 
  custom:audio-decoder-ogg-vorbis: bf7c407c2cedff20999df2af8eb42d56 -> 
  custom:audio-encoder-webm-vorbis: bf7c407c2cedff20999df2af8eb42d56 -> 
========================================================================
Received Prepare
Registering precompiled user dll's ...
Registered in 0.004513 seconds.
Begin MonoManager ReloadAssembly
Native extension for WindowsStandalone target not found
Refreshing native plugins compatible for Editor in 0.63 ms, found 2 plugins.
Preloading 0 native plugins for Editor in 0.00 ms.
Mono: successfully reloaded assembly
- Completed reload, in  0.852 seconds
Domain Reload Profiling:
	ReloadAssembly (852ms)
		BeginReloadAssembly (110ms)
			ExecutionOrderSort (0ms)
			DisableScriptedObjects (3ms)
			BackupInstance (0ms)
			ReleaseScriptingObjects (0ms)
			CreateAndSetChildDomain (31ms)
		EndReloadAssembly (688ms)
			LoadAssemblies (75ms)
			RebuildTransferFunctionScriptingTraits (0ms)
			SetupTypeCache (225ms)
			ReleaseScriptCaches (1ms)
			RebuildScriptCaches (47ms)
			SetupLoadedEditorAssemblies (251ms)
				LogAssemblyErrors (0ms)
				InitializePlatformSupportModulesInManaged (3ms)
				SetLoadedEditorAssemblies (0ms)
				RefreshPlugins (1ms)
				BeforeProcessingInitializeOnLoad (78ms)
				ProcessInitializeOnLoadAttributes (149ms)
				ProcessInitializeOnLoadMethodAttributes (9ms)
				AfterProcessingInitializeOnLoad (11ms)
				EditorAssembliesLoaded (0ms)
			ExecutionOrderSort2 (0ms)
			AwakeInstancesAfterBackupRestoration (13ms)
Platform modules already initialized, skipping
Refreshing native plugins compatible for Editor in 0.65 ms, found 2 plugins.
Preloading 0 native plugins for Editor in 0.00 ms.
Unloading 3216 Unused Serialized files (Serialized files now loaded: 0)
System memory in use before: 142.9 MB.
System memory in use after: 143.1 MB.

Unloading 15 unused Assets to reduce memory usage. Loaded Objects now: 3894.
Total: 3.893500 ms (FindLiveObjects: 0.300900 ms CreateObjectMapping: 0.073100 ms MarkObjects: 3.496000 ms  DeleteObjects: 0.022500 ms)

AssetImportParameters requested are different than current active one (requested -> active):
  custom:framework-win-MediaFoundation: 216162199b28c13a410421893ffa2e32 -> 
  custom:video-decoder-ogg-theora: a1e56fd34408186e4bbccfd4996cb3dc -> 
  custom:container-muxer-webm: aa71ff27fc2769a1b78a27578f13a17b -> 
  custom:container-demuxer-webm: 4f35f7cbe854078d1ac9338744f61a02 -> 
  custom:container-demuxer-ogg: 62fdf1f143b41e24485cea50d1cbac27 -> 
  custom:video-encoder-webm-vp8: eb34c28f22e8b96e1ab97ce403110664 -> 
  custom:video-decoder-webm-vp8: 9c59270c3fd7afecdb556c50c9e8de78 -> 
  custom:audio-decoder-ogg-vorbis: bf7c407c2cedff20999df2af8eb42d56 -> 
  custom:audio-encoder-webm-vorbis: bf7c407c2cedff20999df2af8eb42d56 -> 
========================================================================
Received Import Request.
  Time since last request: 384.064373 seconds.
  path: Assets/Prefabs/Smoke/vfxgraph_smoke.vfx
  artifactKey: Guid(555a6735ecdd8e542a04ed45bb9cd64f) Importer(815301076,1909f56bfc062723c751e8b465ee728b)
Start importing Assets/Prefabs/Smoke/vfxgraph_smoke.vfx using Guid(555a6735ecdd8e542a04ed45bb9cd64f) Importer(815301076,1909f56bfc062723c751e8b465ee728b)  -> (artifact id: '9698126561f2fe210c7710df2cbb26c1') in 0.063949 seconds 
  Import took 0.069697 seconds .

========================================================================
Received Prepare
Registering precompiled user dll's ...
Registered in 0.004164 seconds.
Begin MonoManager ReloadAssembly
Native extension for WindowsStandalone target not found
Refreshing native plugins compatible for Editor in 0.62 ms, found 2 plugins.
Preloading 0 native plugins for Editor in 0.00 ms.
Mono: successfully reloaded assembly
- Completed reload, in  0.870 seconds
Domain Reload Profiling:
	ReloadAssembly (871ms)
		BeginReloadAssembly (119ms)
			ExecutionOrderSort (0ms)
			DisableScriptedObjects (4ms)
			BackupInstance (0ms)
			ReleaseScriptingObjects (0ms)
			CreateAndSetChildDomain (32ms)
		EndReloadAssembly (701ms)
			LoadAssemblies (88ms)
			RebuildTransferFunctionScriptingTraits (0ms)
			SetupTypeCache (236ms)
			ReleaseScriptCaches (1ms)
			RebuildScriptCaches (46ms)
			SetupLoadedEditorAssemblies (249ms)
				LogAssemblyErrors (0ms)
				InitializePlatformSupportModulesInManaged (3ms)
				SetLoadedEditorAssemblies (0ms)
				RefreshPlugins (1ms)
				BeforeProcessingInitializeOnLoad (75ms)
				ProcessInitializeOnLoadAttributes (149ms)
				ProcessInitializeOnLoadMethodAttributes (10ms)
				AfterProcessingInitializeOnLoad (10ms)
				EditorAssembliesLoaded (0ms)
			ExecutionOrderSort2 (0ms)
			AwakeInstancesAfterBackupRestoration (12ms)
Platform modules already initialized, skipping
Refreshing native plugins compatible for Editor in 0.66 ms, found 2 plugins.
Preloading 0 native plugins for Editor in 0.00 ms.
Unloading 3216 Unused Serialized files (Serialized files now loaded: 0)
System memory in use before: 142.9 MB.
System memory in use after: 143.1 MB.

Unloading 15 unused Assets to reduce memory usage. Loaded Objects now: 3896.
Total: 3.192700 ms (FindLiveObjects: 0.326400 ms CreateObjectMapping: 0.123700 ms MarkObjects: 2.724500 ms  DeleteObjects: 0.017400 ms)

AssetImportParameters requested are different than current active one (requested -> active):
  custom:framework-win-MediaFoundation: 216162199b28c13a410421893ffa2e32 -> 
  custom:video-decoder-ogg-theora: a1e56fd34408186e4bbccfd4996cb3dc -> 
  custom:container-muxer-webm: aa71ff27fc2769a1b78a27578f13a17b -> 
  custom:container-demuxer-webm: 4f35f7cbe854078d1ac9338744f61a02 -> 
  custom:container-demuxer-ogg: 62fdf1f143b41e24485cea50d1cbac27 -> 
  custom:video-encoder-webm-vp8: eb34c28f22e8b96e1ab97ce403110664 -> 
  custom:video-decoder-webm-vp8: 9c59270c3fd7afecdb556c50c9e8de78 -> 
  custom:audio-decoder-ogg-vorbis: bf7c407c2cedff20999df2af8eb42d56 -> 
  custom:audio-encoder-webm-vorbis: bf7c407c2cedff20999df2af8eb42d56 -> 
========================================================================
Received Import Request.
  Time since last request: 76.882638 seconds.
  path: Assets/Prefabs/Smoke/vfxgraph_smoke.vfx
  artifactKey: Guid(555a6735ecdd8e542a04ed45bb9cd64f) Importer(815301076,1909f56bfc062723c751e8b465ee728b)
Start importing Assets/Prefabs/Smoke/vfxgraph_smoke.vfx using Guid(555a6735ecdd8e542a04ed45bb9cd64f) Importer(815301076,1909f56bfc062723c751e8b465ee728b)  -> (artifact id: '87f7562ab812578d11bdcfa2493309d4') in 0.021775 seconds 
  Import took 0.027113 seconds .

========================================================================
Received Import Request.
  Time since last request: 57.775602 seconds.
  path: Assets/Prefabs/Smoke/vfxgraph_smoke.vfx
  artifactKey: Guid(555a6735ecdd8e542a04ed45bb9cd64f) Importer(815301076,1909f56bfc062723c751e8b465ee728b)
Start importing Assets/Prefabs/Smoke/vfxgraph_smoke.vfx using Guid(555a6735ecdd8e542a04ed45bb9cd64f) Importer(815301076,1909f56bfc062723c751e8b465ee728b)  -> (artifact id: 'f47152bf6f29b7e83718a1b11b3d4e74') in 0.008904 seconds 
  Import took 0.013501 seconds .

========================================================================
Received Import Request.
  Time since last request: 2.237365 seconds.
  path: Assets/Prefabs/Smoke/vfxgraph_smoke.vfx
  artifactKey: Guid(555a6735ecdd8e542a04ed45bb9cd64f) Importer(815301076,1909f56bfc062723c751e8b465ee728b)
Start importing Assets/Prefabs/Smoke/vfxgraph_smoke.vfx using Guid(555a6735ecdd8e542a04ed45bb9cd64f) Importer(815301076,1909f56bfc062723c751e8b465ee728b)  -> (artifact id: 'dbf195b342ac27685eac96f2bea23cf1') in 0.004253 seconds 
  Import took 0.008981 seconds .

========================================================================
Received Import Request.
  Time since last request: 269.186694 seconds.
  path: Assets/Prefabs/Smoke/vfxgraph_smoke.vfx
  artifactKey: Guid(555a6735ecdd8e542a04ed45bb9cd64f) Importer(815301076,1909f56bfc062723c751e8b465ee728b)
Start importing Assets/Prefabs/Smoke/vfxgraph_smoke.vfx using Guid(555a6735ecdd8e542a04ed45bb9cd64f) Importer(815301076,1909f56bfc062723c751e8b465ee728b)  -> (artifact id: '464ee45e5b3d25f6deb161d1761fa5ca') in 0.009295 seconds 
  Import took 0.014581 seconds .

========================================================================
Received Import Request.
  Time since last request: 3.164675 seconds.
  path: Assets/Prefabs/Smoke/vfxgraph_smoke.vfx
  artifactKey: Guid(555a6735ecdd8e542a04ed45bb9cd64f) Importer(815301076,1909f56bfc062723c751e8b465ee728b)
Start importing Assets/Prefabs/Smoke/vfxgraph_smoke.vfx using Guid(555a6735ecdd8e542a04ed45bb9cd64f) Importer(815301076,1909f56bfc062723c751e8b465ee728b)  -> (artifact id: '25771ac6d432d7f4a67cfd08aa875197') in 0.004248 seconds 
  Import took 0.009298 seconds .

========================================================================
Received Import Request.
  Time since last request: 37.402704 seconds.
  path: Assets/Prefabs/Smoke/vfxgraph_smoke.vfx
  artifactKey: Guid(555a6735ecdd8e542a04ed45bb9cd64f) Importer(815301076,1909f56bfc062723c751e8b465ee728b)
Start importing Assets/Prefabs/Smoke/vfxgraph_smoke.vfx using Guid(555a6735ecdd8e542a04ed45bb9cd64f) Importer(815301076,1909f56bfc062723c751e8b465ee728b)  -> (artifact id: '80d623c21ccc9fbaee7fca918b2807eb') in 0.004217 seconds 
  Import took 0.009035 seconds .

========================================================================
Received Import Request.
  Time since last request: 31.429975 seconds.
  path: Assets/Prefabs/Smoke/vfxgraph_smoke.vfx
  artifactKey: Guid(555a6735ecdd8e542a04ed45bb9cd64f) Importer(815301076,1909f56bfc062723c751e8b465ee728b)
Start importing Assets/Prefabs/Smoke/vfxgraph_smoke.vfx using Guid(555a6735ecdd8e542a04ed45bb9cd64f) Importer(815301076,1909f56bfc062723c751e8b465ee728b)  -> (artifact id: '29776bc18a028b803feea833bc3033fb') in 0.004413 seconds 
  Import took 0.009006 seconds .

========================================================================
Received Import Request.
  Time since last request: 1.388999 seconds.
  path: Assets/Prefabs/Smoke/vfxgraph_smoke.vfx
  artifactKey: Guid(555a6735ecdd8e542a04ed45bb9cd64f) Importer(815301076,1909f56bfc062723c751e8b465ee728b)
Start importing Assets/Prefabs/Smoke/vfxgraph_smoke.vfx using Guid(555a6735ecdd8e542a04ed45bb9cd64f) Importer(815301076,1909f56bfc062723c751e8b465ee728b)  -> (artifact id: 'f5823923fcb78890d0188a982b40217c') in 0.004749 seconds 
  Import took 0.009330 seconds .

========================================================================
Received Import Request.
  Time since last request: 135.394687 seconds.
  path: Assets/Prefabs/Smoke/vfxgraph_smoke.vfx
  artifactKey: Guid(555a6735ecdd8e542a04ed45bb9cd64f) Importer(815301076,1909f56bfc062723c751e8b465ee728b)
Start importing Assets/Prefabs/Smoke/vfxgraph_smoke.vfx using Guid(555a6735ecdd8e542a04ed45bb9cd64f) Importer(815301076,1909f56bfc062723c751e8b465ee728b)  -> (artifact id: 'f8fd99690dccbbdcef2ecee4257f7d6f') in 0.004385 seconds 
  Import took 0.009506 seconds .

========================================================================
Received Import Request.
  Time since last request: 71.711840 seconds.
  path: Assets/Prefabs/Smoke/vfxgraph_smoke.vfx
  artifactKey: Guid(555a6735ecdd8e542a04ed45bb9cd64f) Importer(815301076,1909f56bfc062723c751e8b465ee728b)
Start importing Assets/Prefabs/Smoke/vfxgraph_smoke.vfx using Guid(555a6735ecdd8e542a04ed45bb9cd64f) Importer(815301076,1909f56bfc062723c751e8b465ee728b)  -> (artifact id: 'c3d9f662438214f0c731e9b381ae6c99') in 0.004500 seconds 
  Import took 0.009351 seconds .

========================================================================
Received Import Request.
  Time since last request: 8.125869 seconds.
  path: Assets/Prefabs/Smoke/vfxgraph_smoke.vfx
  artifactKey: Guid(555a6735ecdd8e542a04ed45bb9cd64f) Importer(815301076,1909f56bfc062723c751e8b465ee728b)
Start importing Assets/Prefabs/Smoke/vfxgraph_smoke.vfx using Guid(555a6735ecdd8e542a04ed45bb9cd64f) Importer(815301076,1909f56bfc062723c751e8b465ee728b)  -> (artifact id: '127eebcf0e4178b589e554259bb63220') in 0.004954 seconds 
  Import took 0.009706 seconds .

========================================================================
Received Import Request.
  Time since last request: 13.195624 seconds.
  path: Assets/Prefabs/Smoke/vfxgraph_smoke.vfx
  artifactKey: Guid(555a6735ecdd8e542a04ed45bb9cd64f) Importer(815301076,1909f56bfc062723c751e8b465ee728b)
Start importing Assets/Prefabs/Smoke/vfxgraph_smoke.vfx using Guid(555a6735ecdd8e542a04ed45bb9cd64f) Importer(815301076,1909f56bfc062723c751e8b465ee728b)  -> (artifact id: '5ab2b4caa887944e26cc93b1d560130c') in 0.004916 seconds 
  Import took 0.009621 seconds .

========================================================================
Received Import Request.
  Time since last request: 37.911175 seconds.
  path: Assets/Prefabs/Smoke/vfxgraph_smoke.vfx
  artifactKey: Guid(555a6735ecdd8e542a04ed45bb9cd64f) Importer(815301076,1909f56bfc062723c751e8b465ee728b)
Start importing Assets/Prefabs/Smoke/vfxgraph_smoke.vfx using Guid(555a6735ecdd8e542a04ed45bb9cd64f) Importer(815301076,1909f56bfc062723c751e8b465ee728b)  -> (artifact id: '1a6f4cd3d0cc37683eb39fe381113c6a') in 0.008984 seconds 
  Import took 0.014060 seconds .

========================================================================
Received Import Request.
  Time since last request: 6.201250 seconds.
  path: Assets/Prefabs/Smoke/vfxgraph_smoke.vfx
  artifactKey: Guid(555a6735ecdd8e542a04ed45bb9cd64f) Importer(815301076,1909f56bfc062723c751e8b465ee728b)
Start importing Assets/Prefabs/Smoke/vfxgraph_smoke.vfx using Guid(555a6735ecdd8e542a04ed45bb9cd64f) Importer(815301076,1909f56bfc062723c751e8b465ee728b)  -> (artifact id: '7e8799bad241e8724acf372f5b77a3e3') in 0.004396 seconds 
  Import took 0.008900 seconds .

========================================================================
Received Import Request.
  Time since last request: 2.725439 seconds.
  path: Assets/Prefabs/Smoke/vfxgraph_smoke.vfx
  artifactKey: Guid(555a6735ecdd8e542a04ed45bb9cd64f) Importer(815301076,1909f56bfc062723c751e8b465ee728b)
Start importing Assets/Prefabs/Smoke/vfxgraph_smoke.vfx using Guid(555a6735ecdd8e542a04ed45bb9cd64f) Importer(815301076,1909f56bfc062723c751e8b465ee728b)  -> (artifact id: '947494f2752f68231b441d813db0679a') in 0.003967 seconds 
  Import took 0.008707 seconds .

========================================================================
Received Import Request.
  Time since last request: 23.011282 seconds.
  path: Assets/Prefabs/Smoke/vfxgraph_smoke.vfx
  artifactKey: Guid(555a6735ecdd8e542a04ed45bb9cd64f) Importer(815301076,1909f56bfc062723c751e8b465ee728b)
Start importing Assets/Prefabs/Smoke/vfxgraph_smoke.vfx using Guid(555a6735ecdd8e542a04ed45bb9cd64f) Importer(815301076,1909f56bfc062723c751e8b465ee728b)  -> (artifact id: 'be90a5bc1484a8566f574a4dbee07a6e') in 0.004140 seconds 
  Import took 0.008860 seconds .

========================================================================
Received Import Request.
  Time since last request: 58.986719 seconds.
  path: Assets/Prefabs/Smoke/vfxgraph_smoke.vfx
  artifactKey: Guid(555a6735ecdd8e542a04ed45bb9cd64f) Importer(815301076,1909f56bfc062723c751e8b465ee728b)
Start importing Assets/Prefabs/Smoke/vfxgraph_smoke.vfx using Guid(555a6735ecdd8e542a04ed45bb9cd64f) Importer(815301076,1909f56bfc062723c751e8b465ee728b)  -> (artifact id: '2a944c890438f675650dd91300bced59') in 0.004167 seconds 
  Import took 0.008996 seconds .

========================================================================
Received Import Request.
  Time since last request: 1.512873 seconds.
  path: Assets/Prefabs/Smoke/vfxgraph_smoke.vfx
  artifactKey: Guid(555a6735ecdd8e542a04ed45bb9cd64f) Importer(815301076,1909f56bfc062723c751e8b465ee728b)
Start importing Assets/Prefabs/Smoke/vfxgraph_smoke.vfx using Guid(555a6735ecdd8e542a04ed45bb9cd64f) Importer(815301076,1909f56bfc062723c751e8b465ee728b)  -> (artifact id: 'a510c5391f8f489dc766c72af32cff12') in 0.004376 seconds 
  Import took 0.009418 seconds .

========================================================================
Received Import Request.
  Time since last request: 44.516469 seconds.
  path: Assets/Prefabs/Smoke/vfxgraph_smoke.vfx
  artifactKey: Guid(555a6735ecdd8e542a04ed45bb9cd64f) Importer(815301076,1909f56bfc062723c751e8b465ee728b)
Start importing Assets/Prefabs/Smoke/vfxgraph_smoke.vfx using Guid(555a6735ecdd8e542a04ed45bb9cd64f) Importer(815301076,1909f56bfc062723c751e8b465ee728b)  -> (artifact id: '9c859f8fcd75a1e64fc42e9eb77bf9b6') in 0.004822 seconds 
  Import took 0.010171 seconds .

========================================================================
Received Import Request.
  Time since last request: 8.729340 seconds.
  path: Assets/Prefabs/Smoke/vfxgraph_smoke.vfx
  artifactKey: Guid(555a6735ecdd8e542a04ed45bb9cd64f) Importer(815301076,1909f56bfc062723c751e8b465ee728b)
Start importing Assets/Prefabs/Smoke/vfxgraph_smoke.vfx using Guid(555a6735ecdd8e542a04ed45bb9cd64f) Importer(815301076,1909f56bfc062723c751e8b465ee728b)  -> (artifact id: 'a4576bf5f9972a330c6148cd66e2df3e') in 0.009161 seconds 
  Import took 0.014155 seconds .

========================================================================
Received Import Request.
  Time since last request: 1.917205 seconds.
  path: Assets/Prefabs/Smoke/vfxgraph_smoke.vfx
  artifactKey: Guid(555a6735ecdd8e542a04ed45bb9cd64f) Importer(815301076,1909f56bfc062723c751e8b465ee728b)
Start importing Assets/Prefabs/Smoke/vfxgraph_smoke.vfx using Guid(555a6735ecdd8e542a04ed45bb9cd64f) Importer(815301076,1909f56bfc062723c751e8b465ee728b)  -> (artifact id: '96cfebb7adbef4bdf9c0b8b8c7e8940d') in 0.004529 seconds 
  Import took 0.009668 seconds .

========================================================================
Received Import Request.
  Time since last request: 29.689835 seconds.
  path: Assets/Prefabs/Smoke/vfxgraph_smoke.vfx
  artifactKey: Guid(555a6735ecdd8e542a04ed45bb9cd64f) Importer(815301076,1909f56bfc062723c751e8b465ee728b)
Start importing Assets/Prefabs/Smoke/vfxgraph_smoke.vfx using Guid(555a6735ecdd8e542a04ed45bb9cd64f) Importer(815301076,1909f56bfc062723c751e8b465ee728b)  -> (artifact id: '4f28c511f4e8d03425d96c0a70318412') in 0.004521 seconds 
  Import took 0.009582 seconds .

========================================================================
Received Import Request.
  Time since last request: 2.019344 seconds.
  path: Assets/Prefabs/Smoke/vfxgraph_smoke.vfx
  artifactKey: Guid(555a6735ecdd8e542a04ed45bb9cd64f) Importer(815301076,1909f56bfc062723c751e8b465ee728b)
Start importing Assets/Prefabs/Smoke/vfxgraph_smoke.vfx using Guid(555a6735ecdd8e542a04ed45bb9cd64f) Importer(815301076,1909f56bfc062723c751e8b465ee728b)  -> (artifact id: '81871f2391ec4adb4bacfd9f1bd30cdf') in 0.005815 seconds 
  Import took 0.010907 seconds .

========================================================================
Received Import Request.
  Time since last request: 1.961509 seconds.
  path: Assets/Prefabs/Smoke/vfxgraph_smoke.vfx
  artifactKey: Guid(555a6735ecdd8e542a04ed45bb9cd64f) Importer(815301076,1909f56bfc062723c751e8b465ee728b)
Start importing Assets/Prefabs/Smoke/vfxgraph_smoke.vfx using Guid(555a6735ecdd8e542a04ed45bb9cd64f) Importer(815301076,1909f56bfc062723c751e8b465ee728b)  -> (artifact id: '4e850b1970867c2c9ccb056e2f8d72c3') in 0.005169 seconds 
  Import took 0.010442 seconds .

========================================================================
Received Import Request.
  Time since last request: 9.988968 seconds.
  path: Assets/Prefabs/Smoke/vfxgraph_smoke.vfx
  artifactKey: Guid(555a6735ecdd8e542a04ed45bb9cd64f) Importer(815301076,1909f56bfc062723c751e8b465ee728b)
Start importing Assets/Prefabs/Smoke/vfxgraph_smoke.vfx using Guid(555a6735ecdd8e542a04ed45bb9cd64f) Importer(815301076,1909f56bfc062723c751e8b465ee728b)  -> (artifact id: '344a94622cf8d007e5994a0901fd97f2') in 0.004873 seconds 
  Import took 0.010164 seconds .

========================================================================
Received Import Request.
  Time since last request: 2.121705 seconds.
  path: Assets/Prefabs/Smoke/vfxgraph_smoke.vfx
  artifactKey: Guid(555a6735ecdd8e542a04ed45bb9cd64f) Importer(815301076,1909f56bfc062723c751e8b465ee728b)
Start importing Assets/Prefabs/Smoke/vfxgraph_smoke.vfx using Guid(555a6735ecdd8e542a04ed45bb9cd64f) Importer(815301076,1909f56bfc062723c751e8b465ee728b)  -> (artifact id: '101a2915bca550d2b6fc1ce8e17daf90') in 0.004524 seconds 
  Import took 0.008952 seconds .

========================================================================
Received Import Request.
  Time since last request: 14.512570 seconds.
  path: Assets/Prefabs/Smoke/vfxgraph_smoke.vfx
  artifactKey: Guid(555a6735ecdd8e542a04ed45bb9cd64f) Importer(815301076,1909f56bfc062723c751e8b465ee728b)
Start importing Assets/Prefabs/Smoke/vfxgraph_smoke.vfx using Guid(555a6735ecdd8e542a04ed45bb9cd64f) Importer(815301076,1909f56bfc062723c751e8b465ee728b)  -> (artifact id: '09daf3371a1ee7d6ec46c560ddb49532') in 0.004889 seconds 
  Import took 0.009673 seconds .

========================================================================
Received Import Request.
  Time since last request: 6.151967 seconds.
  path: Assets/Prefabs/Smoke/vfxgraph_smoke.vfx
  artifactKey: Guid(555a6735ecdd8e542a04ed45bb9cd64f) Importer(815301076,1909f56bfc062723c751e8b465ee728b)
Start importing Assets/Prefabs/Smoke/vfxgraph_smoke.vfx using Guid(555a6735ecdd8e542a04ed45bb9cd64f) Importer(815301076,1909f56bfc062723c751e8b465ee728b)  -> (artifact id: '53af5be2703529cfe1596ed37a8545a5') in 0.004437 seconds 
  Import took 0.009261 seconds .

========================================================================
Received Import Request.
  Time since last request: 9.220846 seconds.
  path: Assets/Prefabs/Smoke/vfxgraph_smoke.vfx
  artifactKey: Guid(555a6735ecdd8e542a04ed45bb9cd64f) Importer(815301076,1909f56bfc062723c751e8b465ee728b)
Start importing Assets/Prefabs/Smoke/vfxgraph_smoke.vfx using Guid(555a6735ecdd8e542a04ed45bb9cd64f) Importer(815301076,1909f56bfc062723c751e8b465ee728b)  -> (artifact id: '81262d1b728e2dfdbb6d677c13136941') in 0.004322 seconds 
  Import took 0.009779 seconds .

========================================================================
Received Import Request.
  Time since last request: 6.724872 seconds.
  path: Assets/Prefabs/Smoke/vfxgraph_smoke.vfx
  artifactKey: Guid(555a6735ecdd8e542a04ed45bb9cd64f) Importer(815301076,1909f56bfc062723c751e8b465ee728b)
Start importing Assets/Prefabs/Smoke/vfxgraph_smoke.vfx using Guid(555a6735ecdd8e542a04ed45bb9cd64f) Importer(815301076,1909f56bfc062723c751e8b465ee728b)  -> (artifact id: '028c41e64b9c1bf6f826e62f3b063192') in 0.004488 seconds 
  Import took 0.009899 seconds .

========================================================================
Received Import Request.
  Time since last request: 84.005615 seconds.
  path: Assets/Prefabs/Smoke/vfxgraph_smoke.vfx
  artifactKey: Guid(555a6735ecdd8e542a04ed45bb9cd64f) Importer(815301076,1909f56bfc062723c751e8b465ee728b)
Start importing Assets/Prefabs/Smoke/vfxgraph_smoke.vfx using Guid(555a6735ecdd8e542a04ed45bb9cd64f) Importer(815301076,1909f56bfc062723c751e8b465ee728b)  -> (artifact id: '2a840d5a6b30e20b1c8a7e9fdb347d1f') in 0.009390 seconds 
  Import took 0.014480 seconds .

========================================================================
Received Import Request.
  Time since last request: 87.494783 seconds.
  path: Assets/Prefabs/Smoke/vfxgraph_smoke.vfx
  artifactKey: Guid(555a6735ecdd8e542a04ed45bb9cd64f) Importer(815301076,1909f56bfc062723c751e8b465ee728b)
Start importing Assets/Prefabs/Smoke/vfxgraph_smoke.vfx using Guid(555a6735ecdd8e542a04ed45bb9cd64f) Importer(815301076,1909f56bfc062723c751e8b465ee728b)  -> (artifact id: '7da2d9bbdf51022a912194ee9cf5286e') in 0.009299 seconds 
  Import took 0.014355 seconds .

========================================================================
Received Import Request.
  Time since last request: 2.196241 seconds.
  path: Assets/Prefabs/Smoke/vfxgraph_smoke.vfx
  artifactKey: Guid(555a6735ecdd8e542a04ed45bb9cd64f) Importer(815301076,1909f56bfc062723c751e8b465ee728b)
Start importing Assets/Prefabs/Smoke/vfxgraph_smoke.vfx using Guid(555a6735ecdd8e542a04ed45bb9cd64f) Importer(815301076,1909f56bfc062723c751e8b465ee728b)  -> (artifact id: '5deb3dfe938926b02ae1d9cc1367cc3b') in 0.004031 seconds 
  Import took 0.008834 seconds .

========================================================================
Received Import Request.
  Time since last request: 44.905999 seconds.
  path: Assets/Prefabs/Smoke/vfxgraph_smoke.vfx
  artifactKey: Guid(555a6735ecdd8e542a04ed45bb9cd64f) Importer(815301076,1909f56bfc062723c751e8b465ee728b)
Start importing Assets/Prefabs/Smoke/vfxgraph_smoke.vfx using Guid(555a6735ecdd8e542a04ed45bb9cd64f) Importer(815301076,1909f56bfc062723c751e8b465ee728b)  -> (artifact id: '50dfebaf36669020f9b3362a44bb4d2e') in 0.004783 seconds 
  Import took 0.009863 seconds .

========================================================================
Received Import Request.
  Time since last request: 2.434138 seconds.
  path: Assets/Prefabs/Smoke/vfxgraph_smoke.vfx
  artifactKey: Guid(555a6735ecdd8e542a04ed45bb9cd64f) Importer(815301076,1909f56bfc062723c751e8b465ee728b)
Start importing Assets/Prefabs/Smoke/vfxgraph_smoke.vfx using Guid(555a6735ecdd8e542a04ed45bb9cd64f) Importer(815301076,1909f56bfc062723c751e8b465ee728b)  -> (artifact id: '2c255ea78be48b5b111a3656de0124d6') in 0.004369 seconds 
  Import took 0.009598 seconds .

========================================================================
Received Import Request.
  Time since last request: 181.855654 seconds.
  path: Assets/Prefabs/Smoke/vfxgraph_smoke.vfx
  artifactKey: Guid(555a6735ecdd8e542a04ed45bb9cd64f) Importer(815301076,1909f56bfc062723c751e8b465ee728b)
Start importing Assets/Prefabs/Smoke/vfxgraph_smoke.vfx using Guid(555a6735ecdd8e542a04ed45bb9cd64f) Importer(815301076,1909f56bfc062723c751e8b465ee728b)  -> (artifact id: 'b1f69327b625c0c43bb1beea7f1a704c') in 0.004655 seconds 
  Import took 0.009328 seconds .

========================================================================
Received Import Request.
  Time since last request: 79.009631 seconds.
  path: Assets/Prefabs/Smoke/vfxgraph_smoke.vfx
  artifactKey: Guid(555a6735ecdd8e542a04ed45bb9cd64f) Importer(815301076,1909f56bfc062723c751e8b465ee728b)
Start importing Assets/Prefabs/Smoke/vfxgraph_smoke.vfx using Guid(555a6735ecdd8e542a04ed45bb9cd64f) Importer(815301076,1909f56bfc062723c751e8b465ee728b)  -> (artifact id: '37911e92894a9c34cbcf1ce844255872') in 0.004503 seconds 
  Import took 0.009608 seconds .

========================================================================
Received Prepare
Registering precompiled user dll's ...
Registered in 0.004731 seconds.
Begin MonoManager ReloadAssembly
Native extension for WindowsStandalone target not found
Refreshing native plugins compatible for Editor in 0.61 ms, found 2 plugins.
Preloading 0 native plugins for Editor in 0.00 ms.
Mono: successfully reloaded assembly
- Completed reload, in  0.867 seconds
Domain Reload Profiling:
	ReloadAssembly (867ms)
		BeginReloadAssembly (113ms)
			ExecutionOrderSort (0ms)
			DisableScriptedObjects (4ms)
			BackupInstance (0ms)
			ReleaseScriptingObjects (0ms)
			CreateAndSetChildDomain (35ms)
		EndReloadAssembly (702ms)
			LoadAssemblies (84ms)
			RebuildTransferFunctionScriptingTraits (0ms)
			SetupTypeCache (238ms)
			ReleaseScriptCaches (1ms)
			RebuildScriptCaches (45ms)
			SetupLoadedEditorAssemblies (246ms)
				LogAssemblyErrors (0ms)
				InitializePlatformSupportModulesInManaged (3ms)
				SetLoadedEditorAssemblies (0ms)
				RefreshPlugins (1ms)
				BeforeProcessingInitializeOnLoad (76ms)
				ProcessInitializeOnLoadAttributes (147ms)
				ProcessInitializeOnLoadMethodAttributes (8ms)
				AfterProcessingInitializeOnLoad (10ms)
				EditorAssembliesLoaded (0ms)
			ExecutionOrderSort2 (0ms)
			AwakeInstancesAfterBackupRestoration (12ms)
Platform modules already initialized, skipping
Refreshing native plugins compatible for Editor in 1.47 ms, found 2 plugins.
Preloading 0 native plugins for Editor in 0.00 ms.
Unloading 3216 Unused Serialized files (Serialized files now loaded: 0)
System memory in use before: 142.9 MB.
System memory in use after: 143.1 MB.

Unloading 15 unused Assets to reduce memory usage. Loaded Objects now: 3898.
Total: 4.314200 ms (FindLiveObjects: 0.518100 ms CreateObjectMapping: 0.215900 ms MarkObjects: 3.553300 ms  DeleteObjects: 0.025400 ms)

AssetImportParameters requested are different than current active one (requested -> active):
  custom:framework-win-MediaFoundation: 216162199b28c13a410421893ffa2e32 -> 
  custom:video-decoder-ogg-theora: a1e56fd34408186e4bbccfd4996cb3dc -> 
  custom:container-muxer-webm: aa71ff27fc2769a1b78a27578f13a17b -> 
  custom:container-demuxer-webm: 4f35f7cbe854078d1ac9338744f61a02 -> 
  custom:container-demuxer-ogg: 62fdf1f143b41e24485cea50d1cbac27 -> 
  custom:video-encoder-webm-vp8: eb34c28f22e8b96e1ab97ce403110664 -> 
  custom:video-decoder-webm-vp8: 9c59270c3fd7afecdb556c50c9e8de78 -> 
  custom:audio-decoder-ogg-vorbis: bf7c407c2cedff20999df2af8eb42d56 -> 
  custom:audio-encoder-webm-vorbis: bf7c407c2cedff20999df2af8eb42d56 -> 
========================================================================
Received Prepare
Registering precompiled user dll's ...
Registered in 0.004501 seconds.
Begin MonoManager ReloadAssembly
Native extension for WindowsStandalone target not found
Refreshing native plugins compatible for Editor in 0.61 ms, found 2 plugins.
Preloading 0 native plugins for Editor in 0.00 ms.
Mono: successfully reloaded assembly
- Completed reload, in  0.872 seconds
Domain Reload Profiling:
	ReloadAssembly (872ms)
		BeginReloadAssembly (118ms)
			ExecutionOrderSort (0ms)
			DisableScriptedObjects (4ms)
			BackupInstance (0ms)
			ReleaseScriptingObjects (0ms)
			CreateAndSetChildDomain (33ms)
		EndReloadAssembly (701ms)
			LoadAssemblies (81ms)
			RebuildTransferFunctionScriptingTraits (0ms)
			SetupTypeCache (229ms)
			ReleaseScriptCaches (1ms)
			RebuildScriptCaches (47ms)
			SetupLoadedEditorAssemblies (254ms)
				LogAssemblyErrors (0ms)
				InitializePlatformSupportModulesInManaged (3ms)
				SetLoadedEditorAssemblies (0ms)
				RefreshPlugins (1ms)
				BeforeProcessingInitializeOnLoad (78ms)
				ProcessInitializeOnLoadAttributes (150ms)
				ProcessInitializeOnLoadMethodAttributes (10ms)
				AfterProcessingInitializeOnLoad (12ms)
				EditorAssembliesLoaded (0ms)
			ExecutionOrderSort2 (0ms)
			AwakeInstancesAfterBackupRestoration (12ms)
Platform modules already initialized, skipping
Refreshing native plugins compatible for Editor in 0.64 ms, found 2 plugins.
Preloading 0 native plugins for Editor in 0.00 ms.
Unloading 3216 Unused Serialized files (Serialized files now loaded: 0)
System memory in use before: 142.9 MB.
System memory in use after: 143.1 MB.

Unloading 15 unused Assets to reduce memory usage. Loaded Objects now: 3900.
Total: 3.241200 ms (FindLiveObjects: 0.313600 ms CreateObjectMapping: 0.134100 ms MarkObjects: 2.775000 ms  DeleteObjects: 0.017700 ms)

AssetImportParameters requested are different than current active one (requested -> active):
  custom:framework-win-MediaFoundation: 216162199b28c13a410421893ffa2e32 -> 
  custom:video-decoder-ogg-theora: a1e56fd34408186e4bbccfd4996cb3dc -> 
  custom:container-muxer-webm: aa71ff27fc2769a1b78a27578f13a17b -> 
  custom:container-demuxer-webm: 4f35f7cbe854078d1ac9338744f61a02 -> 
  custom:container-demuxer-ogg: 62fdf1f143b41e24485cea50d1cbac27 -> 
  custom:video-encoder-webm-vp8: eb34c28f22e8b96e1ab97ce403110664 -> 
  custom:video-decoder-webm-vp8: 9c59270c3fd7afecdb556c50c9e8de78 -> 
  custom:audio-decoder-ogg-vorbis: bf7c407c2cedff20999df2af8eb42d56 -> 
  custom:audio-encoder-webm-vorbis: bf7c407c2cedff20999df2af8eb42d56 -> 
AssetImportWorkerClient::OnTransportError - code=2 error=End of file
